
**** Build of configuration Debug for project Lab14.3_C_I2C_Tx ****

"C:\\ti\\ccs1040\\ccs\\utils\\bin\\gmake" -k -j 12 all -O 
 
Building file: "../Lab14.3main.c"
Invoking: MSP430 Compiler
"C:/ti/ccs1040/ccs/tools/compiler/ti-cgt-msp430_20.2.5.LTS/bin/cl430" -vmspx -Ooff --use_hw_mpy=F5 --include_path="C:/ti/ccs1040/ccs/ccs_base/msp430/include" --include_path="C:/Users/wward/Desktop/All Work/Code Resources/Workspaces/microcontrollers/Lab14.3_C_I2C_Tx" --include_path="C:/ti/ccs1040/ccs/tools/compiler/ti-cgt-msp430_20.2.5.LTS/include" --advice:power=all --advice:hw_config=all --define=__MSP430FR2355__ --define=_FRWP_ENABLE --define=_INFO_FRWP_ENABLE -g --printf_support=minimal --diag_warning=225 --diag_wrap=off --display_error_number --silicon_errata=CPU21 --silicon_errata=CPU22 --silicon_errata=CPU40 -k --preproc_with_compile --preproc_dependency="Lab14.3main.d_raw"  "../Lab14.3main.c"
"../Lab14.3main.c", line 53: warning #112-D: statement is unreachable
"../Lab14.3main.c", line 50: remark #1527-D: (ULP 2.1) Detected SW delay loop using empty loop. Recommend using a timer module instead
"../Lab14.3main.c", line 61: remark #2553-D: (ULP 14.1) Array index (involving "dataCnt") of type "int". Recommend using "unsigned int"
"../Lab14.3main.c", line 65: remark #2553-D: (ULP 14.1) Array index (involving "dataCnt") of type "int". Recommend using "unsigned int"
Finished building: "../Lab14.3main.c"
 
Building target: "Lab14.3_C_I2C_Tx.out"
Invoking: MSP430 Linker
"C:/ti/ccs1040/ccs/tools/compiler/ti-cgt-msp430_20.2.5.LTS/bin/cl430" -vmspx -Ooff --use_hw_mpy=F5 --advice:power=all --advice:hw_config=all --define=__MSP430FR2355__ --define=_FRWP_ENABLE --define=_INFO_FRWP_ENABLE -g --printf_support=minimal --diag_warning=225 --diag_wrap=off --display_error_number --silicon_errata=CPU21 --silicon_errata=CPU22 --silicon_errata=CPU40 -k -z -m"Lab14.3_C_I2C_Tx.map" --heap_size=160 --stack_size=160 --cinit_hold_wdt=on -i"C:/ti/ccs1040/ccs/ccs_base/msp430/include" -i"C:/ti/ccs1040/ccs/ccs_base/msp430/lib/FR2xx" -i"C:/ti/ccs1040/ccs/tools/compiler/ti-cgt-msp430_20.2.5.LTS/lib" -i"C:/ti/ccs1040/ccs/tools/compiler/ti-cgt-msp430_20.2.5.LTS/include" --priority --reread_libs --define=_FRWP_ENABLE --define=_INFO_FRWP_ENABLE --diag_wrap=off --display_error_number --warn_sections --xml_link_info="Lab14.3_C_I2C_Tx_linkInfo.xml" --use_hw_mpy=F5 --rom_model -o "Lab14.3_C_I2C_Tx.out" "./Lab14.3main.obj" "../lnk_msp430fr2355.cmd"  -lfrwp_init.a -llibc.a 
<Linking>
remark #10371-D: (ULP 1.1) Detected no uses of low power mode state changing instructions
remark #10372-D: (ULP 4.1) Detected uninitialized Port 1 in this project. Recommend initializing all unused ports to eliminate wasted current consumption on unused pins.
remark #10372-D: (ULP 4.1) Detected uninitialized Port 2 in this project. Recommend initializing all unused ports to eliminate wasted current consumption on unused pins.
remark #10372-D: (ULP 4.1) Detected uninitialized Port 3 in this project. Recommend initializing all unused ports to eliminate wasted current consumption on unused pins.
remark #10372-D: (ULP 4.1) Detected uninitialized Port 4 in this project. Recommend initializing all unused ports to eliminate wasted current consumption on unused pins.
remark #10372-D: (ULP 4.1) Detected uninitialized Port 5 in this project. Recommend initializing all unused ports to eliminate wasted current consumption on unused pins.
remark #10372-D: (ULP 4.1) Detected uninitialized Port 6 in this project. Recommend initializing all unused ports to eliminate wasted current consumption on unused pins.
remark #10372-D: (ULP 4.1) Detected uninitialized Port A in this project. Recommend initializing all unused ports to eliminate wasted current consumption on unused pins.
remark #10372-D: (ULP 4.1) Detected uninitialized Port B in this project. Recommend initializing all unused ports to eliminate wasted current consumption on unused pins.
remark #10372-D: (ULP 4.1) Detected uninitialized Port C in this project. Recommend initializing all unused ports to eliminate wasted current consumption on unused pins.
remark #10422-D: (ULP 6.2) Detected use of a device with available 32-bit hardware multiplier and not also using MSPMATHLIB library (libmath.a).  Recommend using MSPMATHLIB library (libmath.a) for improved performance.
Finished building target: "Lab14.3_C_I2C_Tx.out"
 

**** Build Finished ****
