
**** Build of configuration Debug for project Project2.5.2_C_Ward ****

"C:\\ti\\ccs1040\\ccs\\utils\\bin\\gmake" -k -j 12 all -O 
 
Building file: "../Project2.5.2main.c"
Invoking: MSP430 Compiler
"C:/ti/ccs1040/ccs/tools/compiler/ti-cgt-msp430_20.2.5.LTS/bin/cl430" -vmspx -Ooff --use_hw_mpy=F5 --include_path="C:/ti/ccs1040/ccs/ccs_base/msp430/include" --include_path="C:/Users/wward/Desktop/All Work/Code Resources/Workspaces/microcontrollers/Project2.5.2_C_Ward" --include_path="C:/ti/ccs1040/ccs/tools/compiler/ti-cgt-msp430_20.2.5.LTS/include" --advice:power=all --advice:hw_config=all --define=__MSP430FR2355__ --define=_FRWP_ENABLE --define=_INFO_FRWP_ENABLE -g --printf_support=minimal --diag_warning=225 --diag_wrap=off --display_error_number --silicon_errata=CPU21 --silicon_errata=CPU22 --silicon_errata=CPU40 --preproc_with_compile --preproc_dependency="Project2.5.2main.d_raw"  "../Project2.5.2main.c"
"../Project2.5.2main.c", line 30: remark #1544-D: (ULP 13.1) Detected loop counting up. Recommend loops count down as detecting zeros is easier
"../Project2.5.2main.c", line 30: remark #1527-D: (ULP 2.1) Detected SW delay loop using empty loop. Recommend using a timer module instead
"../Project2.5.2main.c", line 176: remark #1528-D: (ULP 3.1) Detected flag polling using UCB0IFG. Recommend using an interrupt combined with enter LPMx and ISR
"../Project2.5.2main.c", line 185: remark #1528-D: (ULP 3.1) Detected flag polling using UCB0IFG. Recommend using an interrupt combined with enter LPMx and ISR
"../Project2.5.2main.c", line 339: remark #1528-D: (ULP 3.1) Detected flag polling using ADCIFG. Recommend using an interrupt combined with enter LPMx and ISR
"../Project2.5.2main.c", line 369: remark #1528-D: (ULP 3.1) Detected flag polling using ADCIFG. Recommend using an interrupt combined with enter LPMx and ISR
"../Project2.5.2main.c", line 444: remark #2553-D: (ULP 14.1) Array index (involving "dataCnt") of type "int". Recommend using "unsigned int"
"../Project2.5.2main.c", line 449: remark #2553-D: (ULP 14.1) Array index (involving "dataCnt") of type "int". Recommend using "unsigned int"
"../Project2.5.2main.c", line 455: remark #2553-D: (ULP 14.1) Array index (involving "packet_in_index") of type "int". Recommend using "unsigned int"
"../Project2.5.2main.c", line 474: remark #1538-D: (ULP 10.1) ISR ISR_EUSCI_A1 calls function delay. Recommend moving function call away from ISR, or inlining the function, or using pragmas
"../Project2.5.2main.c", line 485: remark #1538-D: (ULP 10.1) ISR ISR_EUSCI_A1 calls function delay. Recommend moving function call away from ISR, or inlining the function, or using pragmas
"../Project2.5.2main.c", line 22: remark #1535-D: (ULP 8.1) variable "running" is used as a constant. Recommend declaring variable as either 'static const' or 'const'
"../Project2.5.2main.c", line 25: remark #1535-D: (ULP 8.1) variable "direction" is used as a constant. Recommend declaring variable as either 'static const' or 'const'
Finished building: "../Project2.5.2main.c"
 
Building target: "Project2.5.2_C_Ward.out"
Invoking: MSP430 Linker
"C:/ti/ccs1040/ccs/tools/compiler/ti-cgt-msp430_20.2.5.LTS/bin/cl430" -vmspx -Ooff --use_hw_mpy=F5 --advice:power=all --advice:hw_config=all --define=__MSP430FR2355__ --define=_FRWP_ENABLE --define=_INFO_FRWP_ENABLE -g --printf_support=minimal --diag_warning=225 --diag_wrap=off --display_error_number --silicon_errata=CPU21 --silicon_errata=CPU22 --silicon_errata=CPU40 -z -m"Project2.5.2_C_Ward.map" --heap_size=160 --stack_size=160 --cinit_hold_wdt=on -i"C:/ti/ccs1040/ccs/ccs_base/msp430/include" -i"C:/ti/ccs1040/ccs/ccs_base/msp430/lib/FR2xx" -i"C:/ti/ccs1040/ccs/tools/compiler/ti-cgt-msp430_20.2.5.LTS/lib" -i"C:/ti/ccs1040/ccs/tools/compiler/ti-cgt-msp430_20.2.5.LTS/include" --priority --reread_libs --define=_FRWP_ENABLE --define=_INFO_FRWP_ENABLE --diag_wrap=off --display_error_number --warn_sections --xml_link_info="Project2.5.2_C_Ward_linkInfo.xml" --use_hw_mpy=F5 --rom_model -o "Project2.5.2_C_Ward.out" "./Project2.5.2main.obj" "../lnk_msp430fr2355.cmd"  -lfrwp_init.a -llibc.a 
<Linking>
remark #10372-D: (ULP 4.1) Detected uninitialized Port 2 in this project. Recommend initializing all unused ports to eliminate wasted current consumption on unused pins.
remark #10372-D: (ULP 4.1) Detected uninitialized Port 4 in this project. Recommend initializing all unused ports to eliminate wasted current consumption on unused pins.
remark #10372-D: (ULP 4.1) Detected uninitialized Port 5 in this project. Recommend initializing all unused ports to eliminate wasted current consumption on unused pins.
remark #10372-D: (ULP 4.1) Detected uninitialized Port 6 in this project. Recommend initializing all unused ports to eliminate wasted current consumption on unused pins.
remark #10372-D: (ULP 4.1) Detected uninitialized Port A in this project. Recommend initializing all unused ports to eliminate wasted current consumption on unused pins.
remark #10372-D: (ULP 4.1) Detected uninitialized Port B in this project. Recommend initializing all unused ports to eliminate wasted current consumption on unused pins.
remark #10372-D: (ULP 4.1) Detected uninitialized Port C in this project. Recommend initializing all unused ports to eliminate wasted current consumption on unused pins.
remark #10422-D: (ULP 6.2) Detected use of a device with available 32-bit hardware multiplier and not also using MSPMATHLIB library (libmath.a).  Recommend using MSPMATHLIB library (libmath.a) for improved performance.
Finished building target: "Project2.5.2_C_Ward.out"
 

**** Build Finished ****
